<?xml version="1.0" encoding="utf-8"?>
<TestRun id="cbbbde38-ae2f-4e54-9c21-0675650b8ebf" name="abdul@DESKTOP-ONM4GLH 2023-06-11 17:45:57" runUser="DESKTOP-ONM4GLH\abdul" xmlns="http://microsoft.com/schemas/VisualStudio/TeamTest/2010">
  <Times creation="2023-06-11T17:45:57.9192029+05:00" queuing="2023-06-11T17:45:57.9192029+05:00" start="2023-06-11T17:45:40.4528991+05:00" finish="2023-06-11T17:47:01.6645556+05:00" />
  <TestSettings name="default" id="4fd6da55-34c4-4ca5-b37f-105fe81736e6">
    <Deployment runDeploymentRoot="abdul_DESKTOP-ONM4GLH_2023-06-11_17_45_57" />
  </TestSettings>
  <Results>
    <UnitTestResult executionId="994e9ac0-7e07-4d61-8758-3b2d66a552cf" testId="21af4f20-b80e-78ec-b745-77df2e73d6c6" testName="BookHotel_TC001" computerName="DESKTOP-ONM4GLH" duration="00:00:19.8623158" startTime="2023-06-11T17:46:41.4216594+05:00" endTime="2023-06-11T17:47:01.2876682+05:00" testType="13cdc9d9-ddb5-4fa4-a97d-d965ccfc6d4b" outcome="Failed" testListId="8c84fa94-04c1-424b-9868-57a2d4851a1d" relativeResultsDirectory="994e9ac0-7e07-4d61-8758-3b2d66a552cf" resultType="DataDrivenTest">
      <InnerResults>
        <UnitTestResult executionId="a49a716b-1368-4929-9a95-f0ac2d247c03" parentExecutionId="994e9ac0-7e07-4d61-8758-3b2d66a552cf" testId="21af4f20-b80e-78ec-b745-77df2e73d6c6" testName="BookHotel_TC001 (Data Row 0)" computerName="DESKTOP-ONM4GLH" duration="00:00:11.0280896" startTime="2023-06-11T17:46:41.4216594+05:00" endTime="2023-06-11T17:47:01.2876682+05:00" testType="13cdc9d9-ddb5-4fa4-a97d-d965ccfc6d4b" outcome="Passed" testListId="8c84fa94-04c1-424b-9868-57a2d4851a1d" relativeResultsDirectory="a49a716b-1368-4929-9a95-f0ac2d247c03" dataRowInfo="1" resultType="DataDrivenDataRow" />
        <UnitTestResult executionId="b6369107-3c4f-468b-9432-ba0a8086324b" parentExecutionId="994e9ac0-7e07-4d61-8758-3b2d66a552cf" testId="21af4f20-b80e-78ec-b745-77df2e73d6c6" testName="BookHotel_TC001 (Data Row 1)" computerName="DESKTOP-ONM4GLH" duration="00:00:08.5155857" startTime="2023-06-11T17:46:41.4216594+05:00" endTime="2023-06-11T17:47:01.2876682+05:00" testType="13cdc9d9-ddb5-4fa4-a97d-d965ccfc6d4b" outcome="Failed" testListId="8c84fa94-04c1-424b-9868-57a2d4851a1d" relativeResultsDirectory="b6369107-3c4f-468b-9432-ba0a8086324b" dataRowInfo="2" resultType="DataDrivenDataRow">
          <Output>
            <ErrorInfo>
              <Message>Test method WEB_AUTOMATION.TestExecution.BookHotel_TC001 threw exception: &#xD;
OpenQA.Selenium.NoSuchElementException: no such element: Unable to locate element: {"method":"css selector","selector":"#location"}
  (Session info: chrome=114.0.5735.110)</Message>
              <StackTrace>    at OpenQA.Selenium.WebDriver.UnpackAndThrowOnError(Response errorResponse, String commandToExecute)&#xD;
   at OpenQA.Selenium.WebDriver.Execute(String driverCommandToExecute, Dictionary`2 parameters)&#xD;
   at OpenQA.Selenium.WebDriver.FindElement(String mechanism, String value)&#xD;
   at OpenQA.Selenium.By.&lt;.ctor&gt;b__11_0(ISearchContext context)&#xD;
   at OpenQA.Selenium.By.FindElement(ISearchContext context)&#xD;
   at OpenQA.Selenium.WebDriver.FindElement(By by)&#xD;
   at WEB_AUTOMATION.SearchPage.SearchHotel() in C:\Users\abdul\source\repos\WebAppAutomation\WebApp\SearchHotelPage\SearchPage.cs:line 27&#xD;
   at WEB_AUTOMATION.TestExecution.BookHotel_TC001() in C:\Users\abdul\source\repos\WebAppAutomation\TestExecution.cs:line 94&#xD;
</StackTrace>
            </ErrorInfo>
          </Output>
        </UnitTestResult>
      </InnerResults>
    </UnitTestResult>
    <UnitTestResult executionId="271cfcf2-d88a-4651-8813-bdf22a2b29ed" testId="961667a6-e4e5-afab-5d60-c97237a2ffb4" testName="SelectHotel_TC001" computerName="DESKTOP-ONM4GLH" duration="00:00:11.2333021" startTime="2023-06-11T17:46:30.1879499+05:00" endTime="2023-06-11T17:46:41.4216594+05:00" testType="13cdc9d9-ddb5-4fa4-a97d-d965ccfc6d4b" outcome="Passed" testListId="8c84fa94-04c1-424b-9868-57a2d4851a1d" relativeResultsDirectory="271cfcf2-d88a-4651-8813-bdf22a2b29ed" />
    <UnitTestResult executionId="d06cfd46-bba7-4957-b0e9-dcd1a420c5f8" testId="83529b47-e360-cd7a-eaa9-d858534fc562" testName="LoginWithValidUserValidPassword_TC001" computerName="DESKTOP-ONM4GLH" duration="00:00:16.7317836" startTime="2023-06-11T17:45:41.0488929+05:00" endTime="2023-06-11T17:45:57.8672062+05:00" testType="13cdc9d9-ddb5-4fa4-a97d-d965ccfc6d4b" outcome="Passed" testListId="8c84fa94-04c1-424b-9868-57a2d4851a1d" relativeResultsDirectory="d06cfd46-bba7-4957-b0e9-dcd1a420c5f8" />
    <UnitTestResult executionId="7b130367-6120-4c55-8e88-04a2fffd1b39" testId="2a910937-b8a3-189c-f435-7ae4ade1e278" testName="LoginWithInalidUserInvalidPassword_TC002" computerName="DESKTOP-ONM4GLH" duration="00:00:22.8961459" startTime="2023-06-11T17:45:57.9002032+05:00" endTime="2023-06-11T17:46:20.7978075+05:00" testType="13cdc9d9-ddb5-4fa4-a97d-d965ccfc6d4b" outcome="Passed" testListId="8c84fa94-04c1-424b-9868-57a2d4851a1d" relativeResultsDirectory="7b130367-6120-4c55-8e88-04a2fffd1b39" />
    <UnitTestResult executionId="361802d3-91a1-41fa-b93e-a08545c2b0f5" testId="9274e9aa-5ac1-eb33-5535-f55148922203" testName="SearchHotel_TC001" computerName="DESKTOP-ONM4GLH" duration="00:00:09.3887338" startTime="2023-06-11T17:46:20.7978075+05:00" endTime="2023-06-11T17:46:30.1879499+05:00" testType="13cdc9d9-ddb5-4fa4-a97d-d965ccfc6d4b" outcome="Passed" testListId="8c84fa94-04c1-424b-9868-57a2d4851a1d" relativeResultsDirectory="361802d3-91a1-41fa-b93e-a08545c2b0f5" />
  </Results>
  <TestDefinitions>
    <UnitTest name="LoginWithInalidUserInvalidPassword_TC002" storage="c:\users\abdul\source\repos\webappautomation\bin\debug\webappautomation.dll" id="2a910937-b8a3-189c-f435-7ae4ade1e278">
      <Execution id="7b130367-6120-4c55-8e88-04a2fffd1b39" />
      <TestMethod codeBase="C:\Users\abdul\source\repos\WebAppAutomation\bin\Debug\WebAppAutomation.dll" adapterTypeName="executor://mstestadapter/v2" className="WEB_AUTOMATION.TestExecution" name="LoginWithInalidUserInvalidPassword_TC002" />
    </UnitTest>
    <UnitTest name="LoginWithValidUserValidPassword_TC001" storage="c:\users\abdul\source\repos\webappautomation\bin\debug\webappautomation.dll" id="83529b47-e360-cd7a-eaa9-d858534fc562">
      <Execution id="d06cfd46-bba7-4957-b0e9-dcd1a420c5f8" />
      <TestMethod codeBase="C:\Users\abdul\source\repos\WebAppAutomation\bin\Debug\WebAppAutomation.dll" adapterTypeName="executor://mstestadapter/v2" className="WEB_AUTOMATION.TestExecution" name="LoginWithValidUserValidPassword_TC001" />
    </UnitTest>
    <UnitTest name="SearchHotel_TC001" storage="c:\users\abdul\source\repos\webappautomation\bin\debug\webappautomation.dll" id="9274e9aa-5ac1-eb33-5535-f55148922203">
      <Execution id="361802d3-91a1-41fa-b93e-a08545c2b0f5" />
      <TestMethod codeBase="C:\Users\abdul\source\repos\WebAppAutomation\bin\Debug\WebAppAutomation.dll" adapterTypeName="executor://mstestadapter/v2" className="WEB_AUTOMATION.TestExecution" name="SearchHotel_TC001" />
    </UnitTest>
    <UnitTest name="BookHotel_TC001" storage="c:\users\abdul\source\repos\webappautomation\bin\debug\webappautomation.dll" id="21af4f20-b80e-78ec-b745-77df2e73d6c6">
      <TestCategory>
        <TestCategoryItem TestCategory="BookHotel" />
      </TestCategory>
      <Execution id="994e9ac0-7e07-4d61-8758-3b2d66a552cf" />
      <TestMethod codeBase="C:\Users\abdul\source\repos\WebAppAutomation\bin\Debug\WebAppAutomation.dll" adapterTypeName="executor://mstestadapter/v2" className="WEB_AUTOMATION.TestExecution" name="BookHotel_TC001" />
    </UnitTest>
    <UnitTest name="SelectHotel_TC001" storage="c:\users\abdul\source\repos\webappautomation\bin\debug\webappautomation.dll" id="961667a6-e4e5-afab-5d60-c97237a2ffb4">
      <Execution id="271cfcf2-d88a-4651-8813-bdf22a2b29ed" />
      <TestMethod codeBase="C:\Users\abdul\source\repos\WebAppAutomation\bin\Debug\WebAppAutomation.dll" adapterTypeName="executor://mstestadapter/v2" className="WEB_AUTOMATION.TestExecution" name="SelectHotel_TC001" />
    </UnitTest>
  </TestDefinitions>
  <TestEntries>
    <TestEntry testId="21af4f20-b80e-78ec-b745-77df2e73d6c6" executionId="994e9ac0-7e07-4d61-8758-3b2d66a552cf" testListId="8c84fa94-04c1-424b-9868-57a2d4851a1d" />
    <TestEntry testId="961667a6-e4e5-afab-5d60-c97237a2ffb4" executionId="271cfcf2-d88a-4651-8813-bdf22a2b29ed" testListId="8c84fa94-04c1-424b-9868-57a2d4851a1d" />
    <TestEntry testId="83529b47-e360-cd7a-eaa9-d858534fc562" executionId="d06cfd46-bba7-4957-b0e9-dcd1a420c5f8" testListId="8c84fa94-04c1-424b-9868-57a2d4851a1d" />
    <TestEntry testId="2a910937-b8a3-189c-f435-7ae4ade1e278" executionId="7b130367-6120-4c55-8e88-04a2fffd1b39" testListId="8c84fa94-04c1-424b-9868-57a2d4851a1d" />
    <TestEntry testId="9274e9aa-5ac1-eb33-5535-f55148922203" executionId="361802d3-91a1-41fa-b93e-a08545c2b0f5" testListId="8c84fa94-04c1-424b-9868-57a2d4851a1d" />
  </TestEntries>
  <TestLists>
    <TestList name="Results Not in a List" id="8c84fa94-04c1-424b-9868-57a2d4851a1d" />
    <TestList name="All Loaded Results" id="19431567-8539-422a-85d7-44ee4e166bda" />
  </TestLists>
  <ResultSummary outcome="Failed">
    <Counters total="7" executed="7" passed="5" failed="2" error="0" timeout="0" aborted="0" inconclusive="0" passedButRunAborted="0" notRunnable="0" notExecuted="0" disconnected="0" warning="0" completed="0" inProgress="0" pending="0" />
  </ResultSummary>
</TestRun>